<?xml version="1.0" encoding="UTF-8"?>
<!-- Generated by org.testng.reporters.JUnitReportReporter -->
<testsuite skipped="0" hostname="DESKTOP-JL75APN" name="com.Jira.Test.CreatingSprint" tests="2" failures="0" timestamp="2021-03-28T09:53:01 IST" time="30.502" errors="0">
  <testcase name="creatingSessionID" time="16.041" classname="com.Jira.Test.CreatingSprint"/>
  <system-out/>
  <testcase name="fetchingSprintInfo" time="14.461" classname="com.Jira.Test.CreatingSprint"/>
  <system-out/>
</testsuite> <!-- com.Jira.Test.CreatingSprint -->
