<?xml version="1.0" encoding="UTF-8"?>
<!-- Generated by org.testng.reporters.JUnitReportReporter -->
<testsuite skipped="0" hostname="DESKTOP-JL75APN" name="com.Jira.Test.FileUpload" tests="2" failures="0" timestamp="2021-03-20T19:36:17 IST" time="92.185" errors="0">
  <testcase name="creatingSessionID" time="18.207" classname="com.Jira.Test.FileUpload"/>
  <system-out/>
  <testcase name="loadingaFile" time="73.978" classname="com.Jira.Test.FileUpload"/>
  <system-out/>
</testsuite> <!-- com.Jira.Test.FileUpload -->
