<?xml version="1.0" encoding="UTF-8"?>
<!-- Generated by org.testng.reporters.JUnitReportReporter -->
<testsuite skipped="0" hostname="DESKTOP-JL75APN" name="com.Jira.Test.CreateSessionIDTest" tests="1" failures="0" timestamp="2021-03-13T22:58:12 IST" time="3.193" errors="0">
  <testcase name="creatingDiifferentIssueTypes" time="3.193" classname="com.Jira.Test.CreateSessionIDTest"/>
  <system-out/>
</testsuite> <!-- com.Jira.Test.CreateSessionIDTest -->
